[07-Nov-2019 21:47:23 UTC] PHP Parse error:  syntax error, unexpected 'function' (T_FUNCTION) in /Users/samhudson/Local Sites/fake-university/app/public/wp-content/themes/university-theme/index.php on line 2
[07-Nov-2019 21:47:28 UTC] PHP Parse error:  syntax error, unexpected 'function' (T_FUNCTION) in /Users/samhudson/Local Sites/fake-university/app/public/wp-content/themes/university-theme/index.php on line 2
[07-Nov-2019 21:48:02 UTC] PHP Parse error:  syntax error, unexpected 'function' (T_FUNCTION) in /Users/samhudson/Local Sites/fake-university/app/public/wp-content/themes/university-theme/index.php on line 2
[07-Nov-2019 21:48:48 UTC] PHP Parse error:  syntax error, unexpected 'function' (T_FUNCTION) in /Users/samhudson/Local Sites/fake-university/app/public/wp-content/themes/university-theme/index.php on line 2
[07-Nov-2019 21:48:48 UTC] PHP Parse error:  syntax error, unexpected 'function' (T_FUNCTION) in /Users/samhudson/Local Sites/fake-university/app/public/wp-content/themes/university-theme/index.php on line 2
[07-Nov-2019 21:48:49 UTC] PHP Parse error:  syntax error, unexpected 'function' (T_FUNCTION) in /Users/samhudson/Local Sites/fake-university/app/public/wp-content/themes/university-theme/index.php on line 2
[07-Nov-2019 22:13:06 UTC] PHP Parse error:  syntax error, unexpected ';' in /Users/samhudson/Local Sites/fake-university/app/public/wp-content/themes/university-theme/index.php on line 9
[07-Nov-2019 22:28:29 UTC] PHP Parse error:  syntax error, unexpected '}' in /Users/samhudson/Local Sites/fake-university/app/public/wp-content/themes/university-theme/index.php on line 6
[07-Nov-2019 23:30:24 UTC] PHP Parse error:  syntax error, unexpected 'wp_enqueue_style' (T_STRING) in /Users/samhudson/Local Sites/fake-university/app/public/wp-content/themes/university-theme/functions.php on line 5
[08-Nov-2019 20:37:57 UTC] PHP Parse error:  syntax error, unexpected ';', expecting ')' in /Users/samhudson/Local Sites/fake-university/app/public/wp-content/themes/university-theme/functions.php on line 7
[08-Nov-2019 20:37:57 UTC] PHP Parse error:  syntax error, unexpected ';', expecting ')' in /Users/samhudson/Local Sites/fake-university/app/public/wp-content/themes/university-theme/functions.php on line 7
[08-Nov-2019 20:38:12 UTC] PHP Parse error:  syntax error, unexpected ';', expecting ')' in /Users/samhudson/Local Sites/fake-university/app/public/wp-content/themes/university-theme/functions.php on line 7
[08-Nov-2019 20:45:33 UTC] PHP Warning:  Use of undefined constant the_title - assumed 'the_title' (this will throw an Error in a future version of PHP) in /Users/samhudson/Local Sites/fake-university/app/public/wp-content/themes/university-theme/page.php on line 21
[08-Nov-2019 20:45:33 UTC] PHP Stack trace:
[08-Nov-2019 20:45:33 UTC] PHP   1. {main}() /Users/samhudson/Local Sites/fake-university/app/public/index.php:0
[08-Nov-2019 20:45:33 UTC] PHP   2. require() /Users/samhudson/Local Sites/fake-university/app/public/index.php:17
[08-Nov-2019 20:45:33 UTC] PHP   3. require_once() /Users/samhudson/Local Sites/fake-university/app/public/wp-blog-header.php:19
[08-Nov-2019 20:45:33 UTC] PHP   4. include() /Users/samhudson/Local Sites/fake-university/app/public/wp-includes/template-loader.php:78
[08-Nov-2019 21:14:52 UTC] PHP Parse error:  syntax error, unexpected '}', expecting ',' or ';' in /Users/samhudson/Local Sites/fake-university/app/public/wp-content/themes/university-theme/page.php on line 23
[08-Nov-2019 21:15:14 UTC] PHP Parse error:  syntax error, unexpected '}', expecting ',' or ';' in /Users/samhudson/Local Sites/fake-university/app/public/wp-content/themes/university-theme/page.php on line 23
[08-Nov-2019 21:15:15 UTC] PHP Parse error:  syntax error, unexpected '}', expecting ',' or ';' in /Users/samhudson/Local Sites/fake-university/app/public/wp-content/themes/university-theme/page.php on line 23
[08-Nov-2019 21:18:28 UTC] PHP Fatal error:  Uncaught ArgumentCountError: Too few arguments to function wp_get_post_parent_id(), 0 passed in /Users/samhudson/Local Sites/fake-university/app/public/wp-content/themes/university-theme/page.php on line 21 and exactly 1 expected in /Users/samhudson/Local Sites/fake-university/app/public/wp-includes/post.php:6595
Stack trace:
#0 /Users/samhudson/Local Sites/fake-university/app/public/wp-content/themes/university-theme/page.php(21): wp_get_post_parent_id()
#1 /Users/samhudson/Local Sites/fake-university/app/public/wp-includes/template-loader.php(78): include('/Users/samhudso...')
#2 /Users/samhudson/Local Sites/fake-university/app/public/wp-blog-header.php(19): require_once('/Users/samhudso...')
#3 /Users/samhudson/Local Sites/fake-university/app/public/index.php(17): require('/Users/samhudso...')
#4 {main}
  thrown in /Users/samhudson/Local Sites/fake-university/app/public/wp-includes/post.php on line 6595
[08-Nov-2019 21:18:34 UTC] PHP Fatal error:  Uncaught ArgumentCountError: Too few arguments to function wp_get_post_parent_id(), 0 passed in /Users/samhudson/Local Sites/fake-university/app/public/wp-content/themes/university-theme/page.php on line 21 and exactly 1 expected in /Users/samhudson/Local Sites/fake-university/app/public/wp-includes/post.php:6595
Stack trace:
#0 /Users/samhudson/Local Sites/fake-university/app/public/wp-content/themes/university-theme/page.php(21): wp_get_post_parent_id()
#1 /Users/samhudson/Local Sites/fake-university/app/public/wp-includes/template-loader.php(78): include('/Users/samhudso...')
#2 /Users/samhudson/Local Sites/fake-university/app/public/wp-blog-header.php(19): require_once('/Users/samhudso...')
#3 /Users/samhudson/Local Sites/fake-university/app/public/index.php(17): require('/Users/samhudso...')
#4 {main}
  thrown in /Users/samhudson/Local Sites/fake-university/app/public/wp-includes/post.php on line 6595
[08-Nov-2019 21:19:05 UTC] PHP Parse error:  syntax error, unexpected ')', expecting ',' or ';' in /Users/samhudson/Local Sites/fake-university/app/public/wp-content/themes/university-theme/page.php on line 21
[08-Nov-2019 21:27:41 UTC] PHP Parse error:  syntax error, unexpected 'if' (T_IF) in /Users/samhudson/Local Sites/fake-university/app/public/wp-content/themes/university-theme/page.php on line 22
[08-Nov-2019 22:06:23 UTC] PHP Warning:  Use of undefined constant ¢theParent - assumed '¢theParent' (this will throw an Error in a future version of PHP) in /Users/samhudson/Local Sites/fake-university/app/public/wp-content/themes/university-theme/page.php on line 33
[08-Nov-2019 22:06:23 UTC] PHP Stack trace:
[08-Nov-2019 22:06:23 UTC] PHP   1. {main}() /Users/samhudson/Local Sites/fake-university/app/public/index.php:0
[08-Nov-2019 22:06:23 UTC] PHP   2. require() /Users/samhudson/Local Sites/fake-university/app/public/index.php:17
[08-Nov-2019 22:06:23 UTC] PHP   3. require_once() /Users/samhudson/Local Sites/fake-university/app/public/wp-blog-header.php:19
[08-Nov-2019 22:06:23 UTC] PHP   4. include() /Users/samhudson/Local Sites/fake-university/app/public/wp-includes/template-loader.php:78
[08-Nov-2019 22:09:34 UTC] PHP Fatal error:  Uncaught Error: Call to undefined function get_permaink() in /Users/samhudson/Local Sites/fake-university/app/public/wp-content/themes/university-theme/page.php:33
Stack trace:
#0 /Users/samhudson/Local Sites/fake-university/app/public/wp-includes/template-loader.php(78): include()
#1 /Users/samhudson/Local Sites/fake-university/app/public/wp-blog-header.php(19): require_once('/Users/samhudso...')
#2 /Users/samhudson/Local Sites/fake-university/app/public/index.php(17): require('/Users/samhudso...')
#3 {main}
  thrown in /Users/samhudson/Local Sites/fake-university/app/public/wp-content/themes/university-theme/page.php on line 33
[12-Nov-2019 22:41:07 UTC] PHP Warning:  Use of undefined constant language_attributes - assumed 'language_attributes' (this will throw an Error in a future version of PHP) in /Users/samhudson/Local Sites/fake-university/app/public/wp-content/themes/university-theme/header.php on line 2
[12-Nov-2019 22:41:07 UTC] PHP Stack trace:
[12-Nov-2019 22:41:07 UTC] PHP   1. {main}() /Users/samhudson/Local Sites/fake-university/app/public/index.php:0
[12-Nov-2019 22:41:07 UTC] PHP   2. require() /Users/samhudson/Local Sites/fake-university/app/public/index.php:17
[12-Nov-2019 22:41:07 UTC] PHP   3. require_once() /Users/samhudson/Local Sites/fake-university/app/public/wp-blog-header.php:19
[12-Nov-2019 22:41:07 UTC] PHP   4. include() /Users/samhudson/Local Sites/fake-university/app/public/wp-includes/template-loader.php:78
[12-Nov-2019 22:41:07 UTC] PHP   5. get_header() /Users/samhudson/Local Sites/fake-university/app/public/wp-content/themes/university-theme/index.php:2
[12-Nov-2019 22:41:07 UTC] PHP   6. locate_template() /Users/samhudson/Local Sites/fake-university/app/public/wp-includes/general-template.php:41
[12-Nov-2019 22:41:07 UTC] PHP   7. load_template() /Users/samhudson/Local Sites/fake-university/app/public/wp-includes/template.php:671
[12-Nov-2019 22:41:07 UTC] PHP   8. require_once() /Users/samhudson/Local Sites/fake-university/app/public/wp-includes/template.php:722
[13-Nov-2019 22:59:46 UTC] PHP Parse error:  syntax error, unexpected 'the_author' (T_STRING), expecting ',' or ';' in /Users/samhudson/Local Sites/fake-university/app/public/wp-content/themes/university-theme/archive.php on line 12
[13-Nov-2019 22:59:56 UTC] PHP Parse error:  syntax error, unexpected '}', expecting ',' or ';' in /Users/samhudson/Local Sites/fake-university/app/public/wp-content/themes/university-theme/archive.php on line 13
[13-Nov-2019 22:59:57 UTC] PHP Parse error:  syntax error, unexpected '}', expecting ',' or ';' in /Users/samhudson/Local Sites/fake-university/app/public/wp-content/themes/university-theme/archive.php on line 13
[14-Nov-2019 21:32:02 UTC] PHP Parse error:  syntax error, unexpected '}', expecting end of file in /Users/samhudson/Local Sites/fake-university/app/public/wp-content/themes/university-theme/front-page.php on line 53
[14-Nov-2019 21:32:20 UTC] PHP Parse error:  syntax error, unexpected '}', expecting end of file in /Users/samhudson/Local Sites/fake-university/app/public/wp-content/themes/university-theme/front-page.php on line 53
[14-Nov-2019 21:32:21 UTC] PHP Parse error:  syntax error, unexpected '}', expecting end of file in /Users/samhudson/Local Sites/fake-university/app/public/wp-content/themes/university-theme/front-page.php on line 53
[14-Nov-2019 21:47:22 UTC] PHP Warning:  Use of undefined constant get_the_content - assumed 'get_the_content' (this will throw an Error in a future version of PHP) in /Users/samhudson/Local Sites/fake-university/app/public/wp-content/themes/university-theme/front-page.php on line 63
[14-Nov-2019 21:47:22 UTC] PHP Stack trace:
[14-Nov-2019 21:47:22 UTC] PHP   1. {main}() /Users/samhudson/Local Sites/fake-university/app/public/index.php:0
[14-Nov-2019 21:47:22 UTC] PHP   2. require() /Users/samhudson/Local Sites/fake-university/app/public/index.php:17
[14-Nov-2019 21:47:22 UTC] PHP   3. require_once() /Users/samhudson/Local Sites/fake-university/app/public/wp-blog-header.php:19
[14-Nov-2019 21:47:22 UTC] PHP   4. include() /Users/samhudson/Local Sites/fake-university/app/public/wp-includes/template-loader.php:78
[14-Nov-2019 21:47:22 UTC] PHP Warning:  Use of undefined constant get_the_content - assumed 'get_the_content' (this will throw an Error in a future version of PHP) in /Users/samhudson/Local Sites/fake-university/app/public/wp-content/themes/university-theme/front-page.php on line 63
[14-Nov-2019 21:47:22 UTC] PHP Stack trace:
[14-Nov-2019 21:47:22 UTC] PHP   1. {main}() /Users/samhudson/Local Sites/fake-university/app/public/index.php:0
[14-Nov-2019 21:47:22 UTC] PHP   2. require() /Users/samhudson/Local Sites/fake-university/app/public/index.php:17
[14-Nov-2019 21:47:22 UTC] PHP   3. require_once() /Users/samhudson/Local Sites/fake-university/app/public/wp-blog-header.php:19
[14-Nov-2019 21:47:22 UTC] PHP   4. include() /Users/samhudson/Local Sites/fake-university/app/public/wp-includes/template-loader.php:78
[15-Nov-2019 22:06:58 UTC] PHP Warning:  call_user_func_array() expects parameter 1 to be a valid callback, function 'university_post_types' not found or invalid function name in /Users/samhudson/Local Sites/fake-university/app/public/wp-includes/class-wp-hook.php on line 286
[15-Nov-2019 22:06:58 UTC] PHP Stack trace:
[15-Nov-2019 22:06:58 UTC] PHP   1. {main}() /Users/samhudson/Local Sites/fake-university/app/public/index.php:0
[15-Nov-2019 22:06:58 UTC] PHP   2. require() /Users/samhudson/Local Sites/fake-university/app/public/index.php:17
[15-Nov-2019 22:06:58 UTC] PHP   3. require_once() /Users/samhudson/Local Sites/fake-university/app/public/wp-blog-header.php:13
[15-Nov-2019 22:06:58 UTC] PHP   4. require_once() /Users/samhudson/Local Sites/fake-university/app/public/wp-load.php:37
[15-Nov-2019 22:06:58 UTC] PHP   5. require_once() /Users/samhudson/Local Sites/fake-university/app/public/wp-config.php:77
[15-Nov-2019 22:06:58 UTC] PHP   6. do_action() /Users/samhudson/Local Sites/fake-university/app/public/wp-settings.php:525
[15-Nov-2019 22:06:58 UTC] PHP   7. WP_Hook->do_action() /Users/samhudson/Local Sites/fake-university/app/public/wp-includes/plugin.php:465
[15-Nov-2019 22:06:58 UTC] PHP   8. WP_Hook->apply_filters() /Users/samhudson/Local Sites/fake-university/app/public/wp-includes/class-wp-hook.php:310
[15-Nov-2019 22:27:19 UTC] PHP Parse error:  syntax error, unexpected '}' in /Users/samhudson/Local Sites/fake-university/app/public/wp-content/themes/university-theme/front-page.php on line 29
[15-Nov-2019 22:31:57 UTC] PHP Parse error:  syntax error, unexpected '<' in /Users/samhudson/Local Sites/fake-university/app/public/wp-content/themes/university-theme/front-page.php on line 31
[16-Nov-2019 20:54:33 UTC] PHP Fatal error:  Uncaught Exception: DateTime::__construct(): Failed to parse time string (21/12/2019) at position 0 (2): Unexpected character in /Users/samhudson/Local Sites/fake-university/app/public/wp-content/themes/university-theme/front-page.php:31
Stack trace:
#0 /Users/samhudson/Local Sites/fake-university/app/public/wp-content/themes/university-theme/front-page.php(31): DateTime->__construct('21/12/2019')
#1 /Users/samhudson/Local Sites/fake-university/app/public/wp-includes/template-loader.php(78): include('/Users/samhudso...')
#2 /Users/samhudson/Local Sites/fake-university/app/public/wp-blog-header.php(19): require_once('/Users/samhudso...')
#3 /Users/samhudson/Local Sites/fake-university/app/public/index.php(17): require('/Users/samhudso...')
#4 {main}
  thrown in /Users/samhudson/Local Sites/fake-university/app/public/wp-content/themes/university-theme/front-page.php on line 31
[16-Nov-2019 20:54:40 UTC] PHP Fatal error:  Uncaught Exception: DateTime::__construct(): Failed to parse time string (21/12/2019) at position 0 (2): Unexpected character in /Users/samhudson/Local Sites/fake-university/app/public/wp-content/themes/university-theme/front-page.php:31
Stack trace:
#0 /Users/samhudson/Local Sites/fake-university/app/public/wp-content/themes/university-theme/front-page.php(31): DateTime->__construct('21/12/2019')
#1 /Users/samhudson/Local Sites/fake-university/app/public/wp-includes/template-loader.php(78): include('/Users/samhudso...')
#2 /Users/samhudson/Local Sites/fake-university/app/public/wp-blog-header.php(19): require_once('/Users/samhudso...')
#3 /Users/samhudson/Local Sites/fake-university/app/public/index.php(17): require('/Users/samhudso...')
#4 {main}
  thrown in /Users/samhudson/Local Sites/fake-university/app/public/wp-content/themes/university-theme/front-page.php on line 31
[16-Nov-2019 20:55:17 UTC] PHP Fatal error:  Uncaught Exception: DateTime::__construct(): Failed to parse time string (21/12/2019) at position 0 (2): Unexpected character in /Users/samhudson/Local Sites/fake-university/app/public/wp-content/themes/university-theme/front-page.php:31
Stack trace:
#0 /Users/samhudson/Local Sites/fake-university/app/public/wp-content/themes/university-theme/front-page.php(31): DateTime->__construct('21/12/2019')
#1 /Users/samhudson/Local Sites/fake-university/app/public/wp-includes/template-loader.php(78): include('/Users/samhudso...')
#2 /Users/samhudson/Local Sites/fake-university/app/public/wp-blog-header.php(19): require_once('/Users/samhudso...')
#3 /Users/samhudson/Local Sites/fake-university/app/public/index.php(17): require('/Users/samhudso...')
#4 {main}
  thrown in /Users/samhudson/Local Sites/fake-university/app/public/wp-content/themes/university-theme/front-page.php on line 31
[16-Nov-2019 20:55:28 UTC] PHP Parse error:  syntax error, unexpected 'echo' (T_ECHO) in /Users/samhudson/Local Sites/fake-university/app/public/wp-content/themes/university-theme/front-page.php on line 32
[16-Nov-2019 20:55:38 UTC] PHP Parse error:  syntax error, unexpected '$eventDate' (T_VARIABLE) in /Users/samhudson/Local Sites/fake-university/app/public/wp-content/themes/university-theme/front-page.php on line 32
[16-Nov-2019 20:55:45 UTC] PHP Parse error:  syntax error, unexpected 'echo' (T_ECHO) in /Users/samhudson/Local Sites/fake-university/app/public/wp-content/themes/university-theme/front-page.php on line 32
[16-Nov-2019 20:55:49 UTC] PHP Fatal error:  Uncaught Exception: DateTime::__construct(): Failed to parse time string (21/12/2019) at position 0 (2): Unexpected character in /Users/samhudson/Local Sites/fake-university/app/public/wp-content/themes/university-theme/front-page.php:31
Stack trace:
#0 /Users/samhudson/Local Sites/fake-university/app/public/wp-content/themes/university-theme/front-page.php(31): DateTime->__construct('21/12/2019')
#1 /Users/samhudson/Local Sites/fake-university/app/public/wp-includes/template-loader.php(78): include('/Users/samhudso...')
#2 /Users/samhudson/Local Sites/fake-university/app/public/wp-blog-header.php(19): require_once('/Users/samhudso...')
#3 /Users/samhudson/Local Sites/fake-university/app/public/index.php(17): require('/Users/samhudso...')
#4 {main}
  thrown in /Users/samhudson/Local Sites/fake-university/app/public/wp-content/themes/university-theme/front-page.php on line 31
[16-Nov-2019 20:56:21 UTC] PHP Fatal error:  Uncaught Exception: DateTime::__construct(): Failed to parse time string (21/12/2019) at position 0 (2): Unexpected character in /Users/samhudson/Local Sites/fake-university/app/public/wp-content/themes/university-theme/front-page.php:31
Stack trace:
#0 /Users/samhudson/Local Sites/fake-university/app/public/wp-content/themes/university-theme/front-page.php(31): DateTime->__construct('21/12/2019')
#1 /Users/samhudson/Local Sites/fake-university/app/public/wp-includes/template-loader.php(78): include('/Users/samhudso...')
#2 /Users/samhudson/Local Sites/fake-university/app/public/wp-blog-header.php(19): require_once('/Users/samhudso...')
#3 /Users/samhudson/Local Sites/fake-university/app/public/index.php(17): require('/Users/samhudso...')
#4 {main}
  thrown in /Users/samhudson/Local Sites/fake-university/app/public/wp-content/themes/university-theme/front-page.php on line 31
[16-Nov-2019 20:58:13 UTC] PHP Fatal error:  Uncaught Exception: DateTime::__construct(): Failed to parse time string (21/12/2019) at position 0 (2): Unexpected character in /Users/samhudson/Local Sites/fake-university/app/public/wp-content/themes/university-theme/front-page.php:31
Stack trace:
#0 /Users/samhudson/Local Sites/fake-university/app/public/wp-content/themes/university-theme/front-page.php(31): DateTime->__construct('21/12/2019')
#1 /Users/samhudson/Local Sites/fake-university/app/public/wp-includes/template-loader.php(78): include('/Users/samhudso...')
#2 /Users/samhudson/Local Sites/fake-university/app/public/wp-blog-header.php(19): require_once('/Users/samhudso...')
#3 /Users/samhudson/Local Sites/fake-university/app/public/index.php(17): require('/Users/samhudso...')
#4 {main}
  thrown in /Users/samhudson/Local Sites/fake-university/app/public/wp-content/themes/university-theme/front-page.php on line 31
[16-Nov-2019 20:58:16 UTC] PHP Fatal error:  Uncaught Exception: DateTime::__construct(): Failed to parse time string (21/12/2019) at position 0 (2): Unexpected character in /Users/samhudson/Local Sites/fake-university/app/public/wp-content/themes/university-theme/front-page.php:31
Stack trace:
#0 /Users/samhudson/Local Sites/fake-university/app/public/wp-content/themes/university-theme/front-page.php(31): DateTime->__construct('21/12/2019')
#1 /Users/samhudson/Local Sites/fake-university/app/public/wp-includes/template-loader.php(78): include('/Users/samhudso...')
#2 /Users/samhudson/Local Sites/fake-university/app/public/wp-blog-header.php(19): require_once('/Users/samhudso...')
#3 /Users/samhudson/Local Sites/fake-university/app/public/index.php(17): require('/Users/samhudso...')
#4 {main}
  thrown in /Users/samhudson/Local Sites/fake-university/app/public/wp-content/themes/university-theme/front-page.php on line 31
[16-Nov-2019 20:58:41 UTC] PHP Fatal error:  Uncaught Exception: DateTime::__construct(): Failed to parse time string (21/12/2019) at position 0 (2): Unexpected character in /Users/samhudson/Local Sites/fake-university/app/public/wp-content/themes/university-theme/front-page.php:31
Stack trace:
#0 /Users/samhudson/Local Sites/fake-university/app/public/wp-content/themes/university-theme/front-page.php(31): DateTime->__construct('21/12/2019')
#1 /Users/samhudson/Local Sites/fake-university/app/public/wp-includes/template-loader.php(78): include('/Users/samhudso...')
#2 /Users/samhudson/Local Sites/fake-university/app/public/wp-blog-header.php(19): require_once('/Users/samhudso...')
#3 /Users/samhudson/Local Sites/fake-university/app/public/index.php(17): require('/Users/samhudso...')
#4 {main}
  thrown in /Users/samhudson/Local Sites/fake-university/app/public/wp-content/themes/university-theme/front-page.php on line 31
[16-Nov-2019 20:58:51 UTC] PHP Fatal error:  Uncaught Exception: DateTime::__construct(): Failed to parse time string (21/12/2019) at position 0 (2): Unexpected character in /Users/samhudson/Local Sites/fake-university/app/public/wp-content/themes/university-theme/front-page.php:31
Stack trace:
#0 /Users/samhudson/Local Sites/fake-university/app/public/wp-content/themes/university-theme/front-page.php(31): DateTime->__construct('21/12/2019')
#1 /Users/samhudson/Local Sites/fake-university/app/public/wp-includes/template-loader.php(78): include('/Users/samhudso...')
#2 /Users/samhudson/Local Sites/fake-university/app/public/wp-blog-header.php(19): require_once('/Users/samhudso...')
#3 /Users/samhudson/Local Sites/fake-university/app/public/index.php(17): require('/Users/samhudso...')
#4 {main}
  thrown in /Users/samhudson/Local Sites/fake-university/app/public/wp-content/themes/university-theme/front-page.php on line 31
[16-Nov-2019 20:58:56 UTC] PHP Fatal error:  Uncaught Exception: DateTime::__construct(): Failed to parse time string (21/12/2019) at position 0 (2): Unexpected character in /Users/samhudson/Local Sites/fake-university/app/public/wp-content/themes/university-theme/front-page.php:31
Stack trace:
#0 /Users/samhudson/Local Sites/fake-university/app/public/wp-content/themes/university-theme/front-page.php(31): DateTime->__construct('21/12/2019')
#1 /Users/samhudson/Local Sites/fake-university/app/public/wp-includes/template-loader.php(78): include('/Users/samhudso...')
#2 /Users/samhudson/Local Sites/fake-university/app/public/wp-blog-header.php(19): require_once('/Users/samhudso...')
#3 /Users/samhudson/Local Sites/fake-university/app/public/index.php(17): require('/Users/samhudso...')
#4 {main}
  thrown in /Users/samhudson/Local Sites/fake-university/app/public/wp-content/themes/university-theme/front-page.php on line 31
[18-Nov-2019 21:19:19 UTC] PHP Parse error:  syntax error, unexpected 'or' (T_LOGICAL_OR) in /Users/samhudson/Local Sites/fake-university/app/public/wp-content/themes/university-theme/functions.php on line 22
[18-Nov-2019 21:19:19 UTC] PHP Parse error:  syntax error, unexpected 'or' (T_LOGICAL_OR) in /Users/samhudson/Local Sites/fake-university/app/public/wp-content/themes/university-theme/functions.php on line 22
[18-Nov-2019 21:19:19 UTC] PHP Parse error:  syntax error, unexpected 'or' (T_LOGICAL_OR) in /Users/samhudson/Local Sites/fake-university/app/public/wp-content/themes/university-theme/functions.php on line 22
[20-Nov-2019 23:00:13 UTC] PHP Parse error:  syntax error, unexpected 'echo' (T_ECHO), expecting ',' or ';' in /Users/samhudson/Local Sites/fake-university/app/public/wp-content/themes/university-theme/single-event.php on line 33
[20-Nov-2019 23:00:18 UTC] PHP Parse error:  syntax error, unexpected 'echo' (T_ECHO), expecting ',' or ';' in /Users/samhudson/Local Sites/fake-university/app/public/wp-content/themes/university-theme/single-event.php on line 33
[20-Nov-2019 23:14:17 UTC] PHP Parse error:  syntax error, unexpected 'while' (T_WHILE), expecting ',' or ';' in /Users/samhudson/Local Sites/fake-university/app/public/wp-content/themes/university-theme/single-program.php on line 54
[20-Nov-2019 23:14:56 UTC] PHP Parse error:  syntax error, unexpected 'echo' (T_ECHO), expecting ',' or ';' in /Users/samhudson/Local Sites/fake-university/app/public/wp-content/themes/university-theme/single-program.php on line 53
[22-Nov-2019 21:20:38 UTC] PHP Fatal error:  Uncaught Error: Call to undefined function the_post_thumbail() in /Users/samhudson/Local Sites/fake-university/app/public/wp-content/themes/university-theme/single-professor.php:23
Stack trace:
#0 /Users/samhudson/Local Sites/fake-university/app/public/wp-includes/template-loader.php(78): include()
#1 /Users/samhudson/Local Sites/fake-university/app/public/wp-blog-header.php(19): require_once('/Users/samhudso...')
#2 /Users/samhudson/Local Sites/fake-university/app/public/index.php(17): require('/Users/samhudso...')
#3 {main}
  thrown in /Users/samhudson/Local Sites/fake-university/app/public/wp-content/themes/university-theme/single-professor.php on line 23
[22-Nov-2019 21:20:42 UTC] PHP Fatal error:  Uncaught Error: Call to undefined function the_post_thumbail() in /Users/samhudson/Local Sites/fake-university/app/public/wp-content/themes/university-theme/single-professor.php:23
Stack trace:
#0 /Users/samhudson/Local Sites/fake-university/app/public/wp-includes/template-loader.php(78): include()
#1 /Users/samhudson/Local Sites/fake-university/app/public/wp-blog-header.php(19): require_once('/Users/samhudso...')
#2 /Users/samhudson/Local Sites/fake-university/app/public/index.php(17): require('/Users/samhudso...')
#3 {main}
  thrown in /Users/samhudson/Local Sites/fake-university/app/public/wp-content/themes/university-theme/single-professor.php on line 23
[10-Dec-2019 21:31:27 UTC] PHP Fatal error:  Uncaught ArgumentCountError: Too few arguments to function pageBanner(), 0 passed in /Users/samhudson/Local Sites/fake-university/app/public/wp-content/themes/university-theme/page.php on line 7 and exactly 1 expected in /Users/samhudson/Local Sites/fake-university/app/public/wp-content/themes/university-theme/functions.php:3
Stack trace:
#0 /Users/samhudson/Local Sites/fake-university/app/public/wp-content/themes/university-theme/page.php(7): pageBanner()
#1 /Users/samhudson/Local Sites/fake-university/app/public/wp-includes/template-loader.php(78): include('/Users/samhudso...')
#2 /Users/samhudson/Local Sites/fake-university/app/public/wp-blog-header.php(19): require_once('/Users/samhudso...')
#3 /Users/samhudson/Local Sites/fake-university/app/public/index.php(17): require('/Users/samhudso...')
#4 {main}
  thrown in /Users/samhudson/Local Sites/fake-university/app/public/wp-content/themes/university-theme/functions.php on line 3
[11-Dec-2019 22:00:23 UTC] PHP Parse error:  syntax error, unexpected '<' in /Users/samhudson/Local Sites/fake-university/app/public/wp-content/themes/university-theme/single-campus.php on line 59
[11-Dec-2019 22:00:59 UTC] PHP Parse error:  syntax error, unexpected '<' in /Users/samhudson/Local Sites/fake-university/app/public/wp-content/themes/university-theme/single-campus.php on line 60
[11-Dec-2019 22:01:40 UTC] PHP Parse error:  syntax error, unexpected '<' in /Users/samhudson/Local Sites/fake-university/app/public/wp-content/themes/university-theme/single-campus.php on line 58
[11-Dec-2019 22:04:32 UTC] PHP Parse error:  syntax error, unexpected '}', expecting end of file in /Users/samhudson/Local Sites/fake-university/app/public/wp-content/themes/university-theme/single-campus.php on line 29
[11-Dec-2019 22:04:44 UTC] PHP Parse error:  syntax error, unexpected '}', expecting end of file in /Users/samhudson/Local Sites/fake-university/app/public/wp-content/themes/university-theme/single-campus.php on line 38
[11-Dec-2019 22:12:53 UTC] PHP Parse error:  syntax error, unexpected 'Programs' (T_STRING), expecting ',' or ';' in /Users/samhudson/Local Sites/fake-university/app/public/wp-content/themes/university-theme/single-campus.php on line 40
[11-Dec-2019 22:24:04 UTC] PHP Parse error:  syntax error, unexpected 'foreach' (T_FOREACH), expecting ',' or ';' in /Users/samhudson/Local Sites/fake-university/app/public/wp-content/themes/university-theme/single-program.php on line 96
[11-Dec-2019 22:24:26 UTC] PHP Parse error:  syntax error, unexpected 'foreach' (T_FOREACH), expecting ',' or ';' in /Users/samhudson/Local Sites/fake-university/app/public/wp-content/themes/university-theme/single-program.php on line 96
[11-Dec-2019 22:25:01 UTC] PHP Parse error:  syntax error, unexpected 'foreach' (T_FOREACH), expecting ',' or ';' in /Users/samhudson/Local Sites/fake-university/app/public/wp-content/themes/university-theme/single-program.php on line 96
[11-Dec-2019 22:25:29 UTC] PHP Parse error:  syntax error, unexpected '}' in /Users/samhudson/Local Sites/fake-university/app/public/wp-content/themes/university-theme/single-program.php on line 100
[11-Dec-2019 22:25:47 UTC] PHP Parse error:  syntax error, unexpected '}' in /Users/samhudson/Local Sites/fake-university/app/public/wp-content/themes/university-theme/single-program.php on line 100
[11-Dec-2019 22:34:40 UTC] PHP Parse error:  syntax error, unexpected end of file in /Users/samhudson/Local Sites/fake-university/app/public/wp-content/themes/university-theme/archive-campus.php on line 29
[27-Jan-2020 22:29:19 UTC] PHP Parse error:  syntax error, unexpected ';', expecting ')' in /Users/samhudson/Local Sites/fake-university/app/public/wp-content/themes/university-theme/inc/search-route.php on line 24
[27-Jan-2020 22:29:19 UTC] PHP Parse error:  syntax error, unexpected ';', expecting ')' in /Users/samhudson/Local Sites/fake-university/app/public/wp-content/themes/university-theme/inc/search-route.php on line 24
[27-Jan-2020 22:29:27 UTC] PHP Parse error:  syntax error, unexpected ';', expecting ')' in /Users/samhudson/Local Sites/fake-university/app/public/wp-content/themes/university-theme/inc/search-route.php on line 24
[27-Jan-2020 22:36:33 UTC] PHP Parse error:  syntax error, unexpected ';', expecting ')' in /Users/samhudson/Local Sites/fake-university/app/public/wp-content/themes/university-theme/inc/search-route.php on line 16
[27-Jan-2020 22:36:33 UTC] PHP Parse error:  syntax error, unexpected ';', expecting ')' in /Users/samhudson/Local Sites/fake-university/app/public/wp-content/themes/university-theme/inc/search-route.php on line 16
[27-Jan-2020 22:36:33 UTC] PHP Parse error:  syntax error, unexpected ';', expecting ')' in /Users/samhudson/Local Sites/fake-university/app/public/wp-content/themes/university-theme/inc/search-route.php on line 16
[27-Jan-2020 22:36:46 UTC] PHP Parse error:  syntax error, unexpected ';', expecting ')' in /Users/samhudson/Local Sites/fake-university/app/public/wp-content/themes/university-theme/inc/search-route.php on line 16
[27-Jan-2020 22:38:42 UTC] PHP Fatal error:  Uncaught Error: Call to undefined function sanatize_text_field() in /Users/samhudson/Local Sites/fake-university/app/public/wp-content/themes/university-theme/inc/search-route.php:16
Stack trace:
#0 /Users/samhudson/Local Sites/fake-university/app/public/wp-includes/rest-api/class-wp-rest-server.php(946): universitySearchResults(Object(WP_REST_Request))
#1 /Users/samhudson/Local Sites/fake-university/app/public/wp-includes/rest-api/class-wp-rest-server.php(329): WP_REST_Server->dispatch(Object(WP_REST_Request))
#2 /Users/samhudson/Local Sites/fake-university/app/public/wp-includes/rest-api.php(309): WP_REST_Server->serve_request('/university/v1/...')
#3 /Users/samhudson/Local Sites/fake-university/app/public/wp-includes/class-wp-hook.php(286): rest_api_loaded(Object(WP))
#4 /Users/samhudson/Local Sites/fake-university/app/public/wp-includes/class-wp-hook.php(310): WP_Hook->apply_filters('', Array)
#5 /Users/samhudson/Local Sites/fake-university/app/public/wp-includes/plugin.php(531): WP_Hook->do_action(Array) in /Users/samhudson/Local Sites/fake-university/app/public/wp-content/themes/university-theme/inc/search-route.php on line 16
[04-Feb-2020 22:50:20 UTC] PHP Fatal error:  Cannot redeclare universitySearchResults() (previously declared in /Users/samhudson/Local Sites/fake-university/app/public/wp-content/mu-plugins/university-post-types.php:12) in /Users/samhudson/Local Sites/fake-university/app/public/wp-content/themes/university-theme/inc/search-route.php on line 13
[04-Feb-2020 22:50:20 UTC] PHP Stack trace:
[04-Feb-2020 22:50:20 UTC] PHP   1. {main}() /Users/samhudson/Local Sites/fake-university/app/public/index.php:0
[04-Feb-2020 22:50:20 UTC] PHP   2. require() /Users/samhudson/Local Sites/fake-university/app/public/index.php:17
[04-Feb-2020 22:50:20 UTC] PHP   3. require_once() /Users/samhudson/Local Sites/fake-university/app/public/wp-blog-header.php:13
[04-Feb-2020 22:50:20 UTC] PHP   4. require_once() /Users/samhudson/Local Sites/fake-university/app/public/wp-load.php:37
[04-Feb-2020 22:50:20 UTC] PHP   5. require_once() /Users/samhudson/Local Sites/fake-university/app/public/wp-config.php:77
[04-Feb-2020 22:50:20 UTC] PHP   6. include() /Users/samhudson/Local Sites/fake-university/app/public/wp-settings.php:499
[04-Feb-2020 22:50:20 UTC] PHP Fatal error:  Cannot redeclare universitySearchResults() (previously declared in /Users/samhudson/Local Sites/fake-university/app/public/wp-content/mu-plugins/university-post-types.php:12) in /Users/samhudson/Local Sites/fake-university/app/public/wp-content/themes/university-theme/inc/search-route.php on line 13
[04-Feb-2020 22:50:20 UTC] PHP Stack trace:
[04-Feb-2020 22:50:20 UTC] PHP   1. {main}() /Users/samhudson/Local Sites/fake-university/app/public/wp-admin/post.php:0
[04-Feb-2020 22:50:20 UTC] PHP   2. require_once() /Users/samhudson/Local Sites/fake-university/app/public/wp-admin/post.php:12
[04-Feb-2020 22:50:20 UTC] PHP   3. require_once() /Users/samhudson/Local Sites/fake-university/app/public/wp-admin/admin.php:34
[04-Feb-2020 22:50:20 UTC] PHP   4. require_once() /Users/samhudson/Local Sites/fake-university/app/public/wp-load.php:37
[04-Feb-2020 22:50:20 UTC] PHP   5. require_once() /Users/samhudson/Local Sites/fake-university/app/public/wp-config.php:77
[04-Feb-2020 22:50:20 UTC] PHP   6. include() /Users/samhudson/Local Sites/fake-university/app/public/wp-settings.php:499
[04-Feb-2020 22:50:21 UTC] PHP Fatal error:  Cannot redeclare universitySearchResults() (previously declared in /Users/samhudson/Local Sites/fake-university/app/public/wp-content/mu-plugins/university-post-types.php:12) in /Users/samhudson/Local Sites/fake-university/app/public/wp-content/themes/university-theme/inc/search-route.php on line 13
[04-Feb-2020 22:50:21 UTC] PHP Stack trace:
[04-Feb-2020 22:50:21 UTC] PHP   1. {main}() /Users/samhudson/Local Sites/fake-university/app/public/wp-admin/admin-ajax.php:0
[04-Feb-2020 22:50:21 UTC] PHP   2. require_once() /Users/samhudson/Local Sites/fake-university/app/public/wp-admin/admin-ajax.php:22
[04-Feb-2020 22:50:21 UTC] PHP   3. require_once() /Users/samhudson/Local Sites/fake-university/app/public/wp-load.php:37
[04-Feb-2020 22:50:21 UTC] PHP   4. require_once() /Users/samhudson/Local Sites/fake-university/app/public/wp-config.php:77
[04-Feb-2020 22:50:21 UTC] PHP   5. include() /Users/samhudson/Local Sites/fake-university/app/public/wp-settings.php:499
[04-Feb-2020 22:50:35 UTC] PHP Fatal error:  Cannot redeclare universitySearchResults() (previously declared in /Users/samhudson/Local Sites/fake-university/app/public/wp-content/mu-plugins/university-post-types.php:12) in /Users/samhudson/Local Sites/fake-university/app/public/wp-content/themes/university-theme/inc/search-route.php on line 13
[04-Feb-2020 22:50:35 UTC] PHP Stack trace:
[04-Feb-2020 22:50:35 UTC] PHP   1. {main}() /Users/samhudson/Local Sites/fake-university/app/public/index.php:0
[04-Feb-2020 22:50:35 UTC] PHP   2. require() /Users/samhudson/Local Sites/fake-university/app/public/index.php:17
[04-Feb-2020 22:50:35 UTC] PHP   3. require_once() /Users/samhudson/Local Sites/fake-university/app/public/wp-blog-header.php:13
[04-Feb-2020 22:50:35 UTC] PHP   4. require_once() /Users/samhudson/Local Sites/fake-university/app/public/wp-load.php:37
[04-Feb-2020 22:50:35 UTC] PHP   5. require_once() /Users/samhudson/Local Sites/fake-university/app/public/wp-config.php:77
[04-Feb-2020 22:50:35 UTC] PHP   6. include() /Users/samhudson/Local Sites/fake-university/app/public/wp-settings.php:499
[04-Feb-2020 22:50:35 UTC] PHP Fatal error:  Cannot redeclare universitySearchResults() (previously declared in /Users/samhudson/Local Sites/fake-university/app/public/wp-content/mu-plugins/university-post-types.php:12) in /Users/samhudson/Local Sites/fake-university/app/public/wp-content/themes/university-theme/inc/search-route.php on line 13
[04-Feb-2020 22:50:35 UTC] PHP Stack trace:
[04-Feb-2020 22:50:35 UTC] PHP   1. {main}() /Users/samhudson/Local Sites/fake-university/app/public/wp-admin/post.php:0
[04-Feb-2020 22:50:35 UTC] PHP   2. require_once() /Users/samhudson/Local Sites/fake-university/app/public/wp-admin/post.php:12
[04-Feb-2020 22:50:35 UTC] PHP   3. require_once() /Users/samhudson/Local Sites/fake-university/app/public/wp-admin/admin.php:34
[04-Feb-2020 22:50:35 UTC] PHP   4. require_once() /Users/samhudson/Local Sites/fake-university/app/public/wp-load.php:37
[04-Feb-2020 22:50:35 UTC] PHP   5. require_once() /Users/samhudson/Local Sites/fake-university/app/public/wp-config.php:77
[04-Feb-2020 22:50:35 UTC] PHP   6. include() /Users/samhudson/Local Sites/fake-university/app/public/wp-settings.php:499
[04-Feb-2020 22:50:53 UTC] PHP Fatal error:  Cannot redeclare universitySearchResults() (previously declared in /Users/samhudson/Local Sites/fake-university/app/public/wp-content/mu-plugins/university-post-types.php:12) in /Users/samhudson/Local Sites/fake-university/app/public/wp-content/themes/university-theme/inc/search-route.php on line 13
[04-Feb-2020 22:50:53 UTC] PHP Stack trace:
[04-Feb-2020 22:50:53 UTC] PHP   1. {main}() /Users/samhudson/Local Sites/fake-university/app/public/wp-admin/post.php:0
[04-Feb-2020 22:50:53 UTC] PHP   2. require_once() /Users/samhudson/Local Sites/fake-university/app/public/wp-admin/post.php:12
[04-Feb-2020 22:50:53 UTC] PHP   3. require_once() /Users/samhudson/Local Sites/fake-university/app/public/wp-admin/admin.php:34
[04-Feb-2020 22:50:53 UTC] PHP   4. require_once() /Users/samhudson/Local Sites/fake-university/app/public/wp-load.php:37
[04-Feb-2020 22:50:53 UTC] PHP   5. require_once() /Users/samhudson/Local Sites/fake-university/app/public/wp-config.php:77
[04-Feb-2020 22:50:53 UTC] PHP   6. include() /Users/samhudson/Local Sites/fake-university/app/public/wp-settings.php:499
[04-Feb-2020 22:50:54 UTC] PHP Fatal error:  Cannot redeclare universitySearchResults() (previously declared in /Users/samhudson/Local Sites/fake-university/app/public/wp-content/mu-plugins/university-post-types.php:12) in /Users/samhudson/Local Sites/fake-university/app/public/wp-content/themes/university-theme/inc/search-route.php on line 13
[04-Feb-2020 22:50:54 UTC] PHP Stack trace:
[04-Feb-2020 22:50:54 UTC] PHP   1. {main}() /Users/samhudson/Local Sites/fake-university/app/public/index.php:0
[04-Feb-2020 22:50:54 UTC] PHP   2. require() /Users/samhudson/Local Sites/fake-university/app/public/index.php:17
[04-Feb-2020 22:50:54 UTC] PHP   3. require_once() /Users/samhudson/Local Sites/fake-university/app/public/wp-blog-header.php:13
[04-Feb-2020 22:50:54 UTC] PHP   4. require_once() /Users/samhudson/Local Sites/fake-university/app/public/wp-load.php:37
[04-Feb-2020 22:50:54 UTC] PHP   5. require_once() /Users/samhudson/Local Sites/fake-university/app/public/wp-config.php:77
[04-Feb-2020 22:50:54 UTC] PHP   6. include() /Users/samhudson/Local Sites/fake-university/app/public/wp-settings.php:499
[04-Feb-2020 22:50:59 UTC] PHP Fatal error:  Cannot redeclare universitySearchResults() (previously declared in /Users/samhudson/Local Sites/fake-university/app/public/wp-content/mu-plugins/university-post-types.php:12) in /Users/samhudson/Local Sites/fake-university/app/public/wp-content/themes/university-theme/inc/search-route.php on line 13
[04-Feb-2020 22:50:59 UTC] PHP Stack trace:
[04-Feb-2020 22:50:59 UTC] PHP   1. {main}() /Users/samhudson/Local Sites/fake-university/app/public/wp-admin/post.php:0
[04-Feb-2020 22:50:59 UTC] PHP   2. require_once() /Users/samhudson/Local Sites/fake-university/app/public/wp-admin/post.php:12
[04-Feb-2020 22:50:59 UTC] PHP   3. require_once() /Users/samhudson/Local Sites/fake-university/app/public/wp-admin/admin.php:34
[04-Feb-2020 22:50:59 UTC] PHP   4. require_once() /Users/samhudson/Local Sites/fake-university/app/public/wp-load.php:37
[04-Feb-2020 22:50:59 UTC] PHP   5. require_once() /Users/samhudson/Local Sites/fake-university/app/public/wp-config.php:77
[04-Feb-2020 22:50:59 UTC] PHP   6. include() /Users/samhudson/Local Sites/fake-university/app/public/wp-settings.php:499
[04-Feb-2020 22:50:59 UTC] PHP Fatal error:  Cannot redeclare universitySearchResults() (previously declared in /Users/samhudson/Local Sites/fake-university/app/public/wp-content/mu-plugins/university-post-types.php:12) in /Users/samhudson/Local Sites/fake-university/app/public/wp-content/themes/university-theme/inc/search-route.php on line 13
[04-Feb-2020 22:50:59 UTC] PHP Stack trace:
[04-Feb-2020 22:50:59 UTC] PHP   1. {main}() /Users/samhudson/Local Sites/fake-university/app/public/index.php:0
[04-Feb-2020 22:50:59 UTC] PHP   2. require() /Users/samhudson/Local Sites/fake-university/app/public/index.php:17
[04-Feb-2020 22:50:59 UTC] PHP   3. require_once() /Users/samhudson/Local Sites/fake-university/app/public/wp-blog-header.php:13
[04-Feb-2020 22:50:59 UTC] PHP   4. require_once() /Users/samhudson/Local Sites/fake-university/app/public/wp-load.php:37
[04-Feb-2020 22:50:59 UTC] PHP   5. require_once() /Users/samhudson/Local Sites/fake-university/app/public/wp-config.php:77
[04-Feb-2020 22:50:59 UTC] PHP   6. include() /Users/samhudson/Local Sites/fake-university/app/public/wp-settings.php:499
[04-Feb-2020 22:51:25 UTC] PHP Fatal error:  Cannot redeclare universityRegisterSearch() (previously declared in /Users/samhudson/Local Sites/fake-university/app/public/wp-content/mu-plugins/university-post-types.php:5) in /Users/samhudson/Local Sites/fake-university/app/public/wp-content/themes/university-theme/inc/search-route.php on line 11
[04-Feb-2020 22:51:25 UTC] PHP Stack trace:
[04-Feb-2020 22:51:25 UTC] PHP   1. {main}() /Users/samhudson/Local Sites/fake-university/app/public/wp-admin/post.php:0
[04-Feb-2020 22:51:25 UTC] PHP   2. require_once() /Users/samhudson/Local Sites/fake-university/app/public/wp-admin/post.php:12
[04-Feb-2020 22:51:25 UTC] PHP   3. require_once() /Users/samhudson/Local Sites/fake-university/app/public/wp-admin/admin.php:34
[04-Feb-2020 22:51:25 UTC] PHP   4. require_once() /Users/samhudson/Local Sites/fake-university/app/public/wp-load.php:37
[04-Feb-2020 22:51:25 UTC] PHP   5. require_once() /Users/samhudson/Local Sites/fake-university/app/public/wp-config.php:77
[04-Feb-2020 22:51:25 UTC] PHP   6. include() /Users/samhudson/Local Sites/fake-university/app/public/wp-settings.php:499
[04-Feb-2020 22:51:26 UTC] PHP Fatal error:  Cannot redeclare universitySearchResults() (previously declared in /Users/samhudson/Local Sites/fake-university/app/public/wp-content/mu-plugins/university-post-types.php:12) in /Users/samhudson/Local Sites/fake-university/app/public/wp-content/themes/university-theme/inc/search-route.php on line 13
[04-Feb-2020 22:51:26 UTC] PHP Stack trace:
[04-Feb-2020 22:51:26 UTC] PHP   1. {main}() /Users/samhudson/Local Sites/fake-university/app/public/index.php:0
[04-Feb-2020 22:51:26 UTC] PHP   2. require() /Users/samhudson/Local Sites/fake-university/app/public/index.php:17
[04-Feb-2020 22:51:26 UTC] PHP   3. require_once() /Users/samhudson/Local Sites/fake-university/app/public/wp-blog-header.php:13
[04-Feb-2020 22:51:26 UTC] PHP   4. require_once() /Users/samhudson/Local Sites/fake-university/app/public/wp-load.php:37
[04-Feb-2020 22:51:26 UTC] PHP   5. require_once() /Users/samhudson/Local Sites/fake-university/app/public/wp-config.php:77
[04-Feb-2020 22:51:26 UTC] PHP   6. include() /Users/samhudson/Local Sites/fake-university/app/public/wp-settings.php:499
[04-Feb-2020 22:51:35 UTC] PHP Fatal error:  Cannot redeclare universitySearchResults() (previously declared in /Users/samhudson/Local Sites/fake-university/app/public/wp-content/mu-plugins/university-post-types.php:12) in /Users/samhudson/Local Sites/fake-university/app/public/wp-content/themes/university-theme/inc/search-route.php on line 13
[04-Feb-2020 22:51:35 UTC] PHP Stack trace:
[04-Feb-2020 22:51:35 UTC] PHP   1. {main}() /Users/samhudson/Local Sites/fake-university/app/public/wp-admin/post.php:0
[04-Feb-2020 22:51:35 UTC] PHP   2. require_once() /Users/samhudson/Local Sites/fake-university/app/public/wp-admin/post.php:12
[04-Feb-2020 22:51:35 UTC] PHP   3. require_once() /Users/samhudson/Local Sites/fake-university/app/public/wp-admin/admin.php:34
[04-Feb-2020 22:51:35 UTC] PHP   4. require_once() /Users/samhudson/Local Sites/fake-university/app/public/wp-load.php:37
[04-Feb-2020 22:51:35 UTC] PHP   5. require_once() /Users/samhudson/Local Sites/fake-university/app/public/wp-config.php:77
[04-Feb-2020 22:51:35 UTC] PHP   6. include() /Users/samhudson/Local Sites/fake-university/app/public/wp-settings.php:499
[04-Feb-2020 22:51:35 UTC] PHP Fatal error:  Cannot redeclare universitySearchResults() (previously declared in /Users/samhudson/Local Sites/fake-university/app/public/wp-content/mu-plugins/university-post-types.php:12) in /Users/samhudson/Local Sites/fake-university/app/public/wp-content/themes/university-theme/inc/search-route.php on line 13
[04-Feb-2020 22:51:35 UTC] PHP Stack trace:
[04-Feb-2020 22:51:35 UTC] PHP   1. {main}() /Users/samhudson/Local Sites/fake-university/app/public/index.php:0
[04-Feb-2020 22:51:35 UTC] PHP   2. require() /Users/samhudson/Local Sites/fake-university/app/public/index.php:17
[04-Feb-2020 22:51:35 UTC] PHP   3. require_once() /Users/samhudson/Local Sites/fake-university/app/public/wp-blog-header.php:13
[04-Feb-2020 22:51:35 UTC] PHP   4. require_once() /Users/samhudson/Local Sites/fake-university/app/public/wp-load.php:37
[04-Feb-2020 22:51:35 UTC] PHP   5. require_once() /Users/samhudson/Local Sites/fake-university/app/public/wp-config.php:77
[04-Feb-2020 22:51:35 UTC] PHP   6. include() /Users/samhudson/Local Sites/fake-university/app/public/wp-settings.php:499
[04-Feb-2020 22:51:39 UTC] PHP Fatal error:  Cannot redeclare universitySearchResults() (previously declared in /Users/samhudson/Local Sites/fake-university/app/public/wp-content/mu-plugins/university-post-types.php:12) in /Users/samhudson/Local Sites/fake-university/app/public/wp-content/themes/university-theme/inc/search-route.php on line 13
[04-Feb-2020 22:51:39 UTC] PHP Stack trace:
[04-Feb-2020 22:51:39 UTC] PHP   1. {main}() /Users/samhudson/Local Sites/fake-university/app/public/wp-admin/post.php:0
[04-Feb-2020 22:51:39 UTC] PHP   2. require_once() /Users/samhudson/Local Sites/fake-university/app/public/wp-admin/post.php:12
[04-Feb-2020 22:51:39 UTC] PHP   3. require_once() /Users/samhudson/Local Sites/fake-university/app/public/wp-admin/admin.php:34
[04-Feb-2020 22:51:39 UTC] PHP   4. require_once() /Users/samhudson/Local Sites/fake-university/app/public/wp-load.php:37
[04-Feb-2020 22:51:39 UTC] PHP   5. require_once() /Users/samhudson/Local Sites/fake-university/app/public/wp-config.php:77
[04-Feb-2020 22:51:39 UTC] PHP   6. include() /Users/samhudson/Local Sites/fake-university/app/public/wp-settings.php:499
[04-Feb-2020 22:51:40 UTC] PHP Fatal error:  Cannot redeclare universitySearchResults() (previously declared in /Users/samhudson/Local Sites/fake-university/app/public/wp-content/mu-plugins/university-post-types.php:12) in /Users/samhudson/Local Sites/fake-university/app/public/wp-content/themes/university-theme/inc/search-route.php on line 13
[04-Feb-2020 22:51:40 UTC] PHP Stack trace:
[04-Feb-2020 22:51:40 UTC] PHP   1. {main}() /Users/samhudson/Local Sites/fake-university/app/public/index.php:0
[04-Feb-2020 22:51:40 UTC] PHP   2. require() /Users/samhudson/Local Sites/fake-university/app/public/index.php:17
[04-Feb-2020 22:51:40 UTC] PHP   3. require_once() /Users/samhudson/Local Sites/fake-university/app/public/wp-blog-header.php:13
[04-Feb-2020 22:51:40 UTC] PHP   4. require_once() /Users/samhudson/Local Sites/fake-university/app/public/wp-load.php:37
[04-Feb-2020 22:51:40 UTC] PHP   5. require_once() /Users/samhudson/Local Sites/fake-university/app/public/wp-config.php:77
[04-Feb-2020 22:51:40 UTC] PHP   6. include() /Users/samhudson/Local Sites/fake-university/app/public/wp-settings.php:499
[04-Feb-2020 22:51:51 UTC] PHP Fatal error:  Cannot redeclare universitySearchResults() (previously declared in /Users/samhudson/Local Sites/fake-university/app/public/wp-content/mu-plugins/university-post-types.php:12) in /Users/samhudson/Local Sites/fake-university/app/public/wp-content/themes/university-theme/inc/search-route.php on line 13
[04-Feb-2020 22:51:51 UTC] PHP Stack trace:
[04-Feb-2020 22:51:51 UTC] PHP   1. {main}() /Users/samhudson/Local Sites/fake-university/app/public/wp-admin/post.php:0
[04-Feb-2020 22:51:51 UTC] PHP   2. require_once() /Users/samhudson/Local Sites/fake-university/app/public/wp-admin/post.php:12
[04-Feb-2020 22:51:51 UTC] PHP   3. require_once() /Users/samhudson/Local Sites/fake-university/app/public/wp-admin/admin.php:34
[04-Feb-2020 22:51:51 UTC] PHP   4. require_once() /Users/samhudson/Local Sites/fake-university/app/public/wp-load.php:37
[04-Feb-2020 22:51:51 UTC] PHP   5. require_once() /Users/samhudson/Local Sites/fake-university/app/public/wp-config.php:77
[04-Feb-2020 22:51:51 UTC] PHP   6. include() /Users/samhudson/Local Sites/fake-university/app/public/wp-settings.php:499
[04-Feb-2020 22:51:52 UTC] PHP Fatal error:  Cannot redeclare universitySearchResults() (previously declared in /Users/samhudson/Local Sites/fake-university/app/public/wp-content/mu-plugins/university-post-types.php:12) in /Users/samhudson/Local Sites/fake-university/app/public/wp-content/themes/university-theme/inc/search-route.php on line 13
[04-Feb-2020 22:51:52 UTC] PHP Stack trace:
[04-Feb-2020 22:51:52 UTC] PHP   1. {main}() /Users/samhudson/Local Sites/fake-university/app/public/index.php:0
[04-Feb-2020 22:51:52 UTC] PHP   2. require() /Users/samhudson/Local Sites/fake-university/app/public/index.php:17
[04-Feb-2020 22:51:52 UTC] PHP   3. require_once() /Users/samhudson/Local Sites/fake-university/app/public/wp-blog-header.php:13
[04-Feb-2020 22:51:52 UTC] PHP   4. require_once() /Users/samhudson/Local Sites/fake-university/app/public/wp-load.php:37
[04-Feb-2020 22:51:52 UTC] PHP   5. require_once() /Users/samhudson/Local Sites/fake-university/app/public/wp-config.php:77
[04-Feb-2020 22:51:52 UTC] PHP   6. include() /Users/samhudson/Local Sites/fake-university/app/public/wp-settings.php:499
[04-Feb-2020 22:53:29 UTC] PHP Fatal error:  Uncaught Exception: DateTime::__construct(): Failed to parse time string (30/11/2019) at position 0 (3): Unexpected character in /Users/samhudson/Local Sites/fake-university/app/public/wp-content/themes/university-theme/inc/search-route.php:62
Stack trace:
#0 /Users/samhudson/Local Sites/fake-university/app/public/wp-content/themes/university-theme/inc/search-route.php(62): DateTime->__construct('30/11/2019')
#1 /Users/samhudson/Local Sites/fake-university/app/public/wp-includes/rest-api/class-wp-rest-server.php(946): universitySearchResults(Object(WP_REST_Request))
#2 /Users/samhudson/Local Sites/fake-university/app/public/wp-includes/rest-api/class-wp-rest-server.php(329): WP_REST_Server->dispatch(Object(WP_REST_Request))
#3 /Users/samhudson/Local Sites/fake-university/app/public/wp-includes/rest-api.php(309): WP_REST_Server->serve_request('/university/v1/...')
#4 /Users/samhudson/Local Sites/fake-university/app/public/wp-includes/class-wp-hook.php(286): rest_api_loaded(Object(WP))
#5 /Users/samhudson/Local in /Users/samhudson/Local Sites/fake-university/app/public/wp-content/themes/university-theme/inc/search-route.php on line 62
[04-Feb-2020 22:53:42 UTC] PHP Fatal error:  Uncaught Exception: DateTime::__construct(): Failed to parse time string (16/04/2020) at position 0 (1): Unexpected character in /Users/samhudson/Local Sites/fake-university/app/public/wp-content/themes/university-theme/inc/search-route.php:62
Stack trace:
#0 /Users/samhudson/Local Sites/fake-university/app/public/wp-content/themes/university-theme/inc/search-route.php(62): DateTime->__construct('16/04/2020')
#1 /Users/samhudson/Local Sites/fake-university/app/public/wp-includes/rest-api/class-wp-rest-server.php(946): universitySearchResults(Object(WP_REST_Request))
#2 /Users/samhudson/Local Sites/fake-university/app/public/wp-includes/rest-api/class-wp-rest-server.php(329): WP_REST_Server->dispatch(Object(WP_REST_Request))
#3 /Users/samhudson/Local Sites/fake-university/app/public/wp-includes/rest-api.php(309): WP_REST_Server->serve_request('/university/v1/...')
#4 /Users/samhudson/Local Sites/fake-university/app/public/wp-includes/class-wp-hook.php(286): rest_api_loaded(Object(WP))
#5 /Users/samhudson/Local in /Users/samhudson/Local Sites/fake-university/app/public/wp-content/themes/university-theme/inc/search-route.php on line 62
[04-Feb-2020 22:53:47 UTC] PHP Fatal error:  Uncaught Exception: DateTime::__construct(): Failed to parse time string (17/09/2019) at position 0 (1): Unexpected character in /Users/samhudson/Local Sites/fake-university/app/public/wp-content/themes/university-theme/inc/search-route.php:62
Stack trace:
#0 /Users/samhudson/Local Sites/fake-university/app/public/wp-content/themes/university-theme/inc/search-route.php(62): DateTime->__construct('17/09/2019')
#1 /Users/samhudson/Local Sites/fake-university/app/public/wp-includes/rest-api/class-wp-rest-server.php(946): universitySearchResults(Object(WP_REST_Request))
#2 /Users/samhudson/Local Sites/fake-university/app/public/wp-includes/rest-api/class-wp-rest-server.php(329): WP_REST_Server->dispatch(Object(WP_REST_Request))
#3 /Users/samhudson/Local Sites/fake-university/app/public/wp-includes/rest-api.php(309): WP_REST_Server->serve_request('/university/v1/...')
#4 /Users/samhudson/Local Sites/fake-university/app/public/wp-includes/class-wp-hook.php(286): rest_api_loaded(Object(WP))
#5 /Users/samhudson/Local in /Users/samhudson/Local Sites/fake-university/app/public/wp-content/themes/university-theme/inc/search-route.php on line 62
[04-Feb-2020 22:54:02 UTC] PHP Fatal error:  Uncaught Exception: DateTime::__construct(): Failed to parse time string (16/04/2020) at position 0 (1): Unexpected character in /Users/samhudson/Local Sites/fake-university/app/public/wp-content/themes/university-theme/inc/search-route.php:62
Stack trace:
#0 /Users/samhudson/Local Sites/fake-university/app/public/wp-content/themes/university-theme/inc/search-route.php(62): DateTime->__construct('16/04/2020')
#1 /Users/samhudson/Local Sites/fake-university/app/public/wp-includes/rest-api/class-wp-rest-server.php(946): universitySearchResults(Object(WP_REST_Request))
#2 /Users/samhudson/Local Sites/fake-university/app/public/wp-includes/rest-api/class-wp-rest-server.php(329): WP_REST_Server->dispatch(Object(WP_REST_Request))
#3 /Users/samhudson/Local Sites/fake-university/app/public/wp-includes/rest-api.php(309): WP_REST_Server->serve_request('/university/v1/...')
#4 /Users/samhudson/Local Sites/fake-university/app/public/wp-includes/class-wp-hook.php(286): rest_api_loaded(Object(WP))
#5 /Users/samhudson/Local in /Users/samhudson/Local Sites/fake-university/app/public/wp-content/themes/university-theme/inc/search-route.php on line 62
[04-Feb-2020 22:54:03 UTC] PHP Fatal error:  Uncaught Exception: DateTime::__construct(): Failed to parse time string (16/04/2020) at position 0 (1): Unexpected character in /Users/samhudson/Local Sites/fake-university/app/public/wp-content/themes/university-theme/inc/search-route.php:62
Stack trace:
#0 /Users/samhudson/Local Sites/fake-university/app/public/wp-content/themes/university-theme/inc/search-route.php(62): DateTime->__construct('16/04/2020')
#1 /Users/samhudson/Local Sites/fake-university/app/public/wp-includes/rest-api/class-wp-rest-server.php(946): universitySearchResults(Object(WP_REST_Request))
#2 /Users/samhudson/Local Sites/fake-university/app/public/wp-includes/rest-api/class-wp-rest-server.php(329): WP_REST_Server->dispatch(Object(WP_REST_Request))
#3 /Users/samhudson/Local Sites/fake-university/app/public/wp-includes/rest-api.php(309): WP_REST_Server->serve_request('/university/v1/...')
#4 /Users/samhudson/Local Sites/fake-university/app/public/wp-includes/class-wp-hook.php(286): rest_api_loaded(Object(WP))
#5 /Users/samhudson/Local in /Users/samhudson/Local Sites/fake-university/app/public/wp-content/themes/university-theme/inc/search-route.php on line 62
[04-Feb-2020 22:54:38 UTC] PHP Fatal error:  Uncaught Exception: DateTime::__construct(): Failed to parse time string (16/04/2020) at position 0 (1): Unexpected character in /Users/samhudson/Local Sites/fake-university/app/public/wp-content/themes/university-theme/inc/search-route.php:62
Stack trace:
#0 /Users/samhudson/Local Sites/fake-university/app/public/wp-content/themes/university-theme/inc/search-route.php(62): DateTime->__construct('16/04/2020')
#1 /Users/samhudson/Local Sites/fake-university/app/public/wp-includes/rest-api/class-wp-rest-server.php(946): universitySearchResults(Object(WP_REST_Request))
#2 /Users/samhudson/Local Sites/fake-university/app/public/wp-includes/rest-api/class-wp-rest-server.php(329): WP_REST_Server->dispatch(Object(WP_REST_Request))
#3 /Users/samhudson/Local Sites/fake-university/app/public/wp-includes/rest-api.php(309): WP_REST_Server->serve_request('/university/v1/...')
#4 /Users/samhudson/Local Sites/fake-university/app/public/wp-includes/class-wp-hook.php(286): rest_api_loaded(Object(WP))
#5 /Users/samhudson/Local in /Users/samhudson/Local Sites/fake-university/app/public/wp-content/themes/university-theme/inc/search-route.php on line 62
[04-Feb-2020 22:54:44 UTC] PHP Fatal error:  Uncaught Exception: DateTime::__construct(): Failed to parse time string (17/09/2019) at position 0 (1): Unexpected character in /Users/samhudson/Local Sites/fake-university/app/public/wp-content/themes/university-theme/inc/search-route.php:62
Stack trace:
#0 /Users/samhudson/Local Sites/fake-university/app/public/wp-content/themes/university-theme/inc/search-route.php(62): DateTime->__construct('17/09/2019')
#1 /Users/samhudson/Local Sites/fake-university/app/public/wp-includes/rest-api/class-wp-rest-server.php(946): universitySearchResults(Object(WP_REST_Request))
#2 /Users/samhudson/Local Sites/fake-university/app/public/wp-includes/rest-api/class-wp-rest-server.php(329): WP_REST_Server->dispatch(Object(WP_REST_Request))
#3 /Users/samhudson/Local Sites/fake-university/app/public/wp-includes/rest-api.php(309): WP_REST_Server->serve_request('/university/v1/...')
#4 /Users/samhudson/Local Sites/fake-university/app/public/wp-includes/class-wp-hook.php(286): rest_api_loaded(Object(WP))
#5 /Users/samhudson/Local in /Users/samhudson/Local Sites/fake-university/app/public/wp-content/themes/university-theme/inc/search-route.php on line 62
[04-Feb-2020 22:54:48 UTC] PHP Fatal error:  Uncaught Exception: DateTime::__construct(): Failed to parse time string (30/11/2019) at position 0 (3): Unexpected character in /Users/samhudson/Local Sites/fake-university/app/public/wp-content/themes/university-theme/inc/search-route.php:62
Stack trace:
#0 /Users/samhudson/Local Sites/fake-university/app/public/wp-content/themes/university-theme/inc/search-route.php(62): DateTime->__construct('30/11/2019')
#1 /Users/samhudson/Local Sites/fake-university/app/public/wp-includes/rest-api/class-wp-rest-server.php(946): universitySearchResults(Object(WP_REST_Request))
#2 /Users/samhudson/Local Sites/fake-university/app/public/wp-includes/rest-api/class-wp-rest-server.php(329): WP_REST_Server->dispatch(Object(WP_REST_Request))
#3 /Users/samhudson/Local Sites/fake-university/app/public/wp-includes/rest-api.php(309): WP_REST_Server->serve_request('/university/v1/...')
#4 /Users/samhudson/Local Sites/fake-university/app/public/wp-includes/class-wp-hook.php(286): rest_api_loaded(Object(WP))
#5 /Users/samhudson/Local in /Users/samhudson/Local Sites/fake-university/app/public/wp-content/themes/university-theme/inc/search-route.php on line 62
[04-Feb-2020 23:02:42 UTC] PHP Parse error:  syntax error, unexpected '}', expecting end of file in /Users/samhudson/Local Sites/fake-university/app/public/wp-content/themes/university-theme/inc/search-route.php on line 118
[04-Feb-2020 23:02:43 UTC] PHP Parse error:  syntax error, unexpected '}', expecting end of file in /Users/samhudson/Local Sites/fake-university/app/public/wp-content/themes/university-theme/inc/search-route.php on line 118
[04-Feb-2020 23:02:43 UTC] PHP Parse error:  syntax error, unexpected '}', expecting end of file in /Users/samhudson/Local Sites/fake-university/app/public/wp-content/themes/university-theme/inc/search-route.php on line 118
[04-Feb-2020 23:03:21 UTC] PHP Parse error:  syntax error, unexpected end of file in /Users/samhudson/Local Sites/fake-university/app/public/wp-content/themes/university-theme/inc/search-route.php on line 116
[04-Feb-2020 23:03:22 UTC] PHP Parse error:  syntax error, unexpected end of file in /Users/samhudson/Local Sites/fake-university/app/public/wp-content/themes/university-theme/inc/search-route.php on line 116
[04-Feb-2020 23:03:22 UTC] PHP Parse error:  syntax error, unexpected end of file in /Users/samhudson/Local Sites/fake-university/app/public/wp-content/themes/university-theme/inc/search-route.php on line 116
[04-Feb-2020 23:04:03 UTC] PHP Fatal error:  Uncaught Exception: DateTime::__construct(): Failed to parse time string (16/04/2020) at position 0 (1): Unexpected character in /Users/samhudson/Local Sites/fake-university/app/public/wp-content/themes/university-theme/inc/search-route.php:62
Stack trace:
#0 /Users/samhudson/Local Sites/fake-university/app/public/wp-content/themes/university-theme/inc/search-route.php(62): DateTime->__construct('16/04/2020')
#1 /Users/samhudson/Local Sites/fake-university/app/public/wp-includes/rest-api/class-wp-rest-server.php(946): universitySearchResults(Object(WP_REST_Request))
#2 /Users/samhudson/Local Sites/fake-university/app/public/wp-includes/rest-api/class-wp-rest-server.php(329): WP_REST_Server->dispatch(Object(WP_REST_Request))
#3 /Users/samhudson/Local Sites/fake-university/app/public/wp-includes/rest-api.php(309): WP_REST_Server->serve_request('/university/v1/...')
#4 /Users/samhudson/Local Sites/fake-university/app/public/wp-includes/class-wp-hook.php(286): rest_api_loaded(Object(WP))
#5 /Users/samhudson/Local in /Users/samhudson/Local Sites/fake-university/app/public/wp-content/themes/university-theme/inc/search-route.php on line 62
[04-Feb-2020 23:04:04 UTC] PHP Fatal error:  Uncaught Exception: DateTime::__construct(): Failed to parse time string (16/04/2020) at position 0 (1): Unexpected character in /Users/samhudson/Local Sites/fake-university/app/public/wp-content/themes/university-theme/inc/search-route.php:62
Stack trace:
#0 /Users/samhudson/Local Sites/fake-university/app/public/wp-content/themes/university-theme/inc/search-route.php(62): DateTime->__construct('16/04/2020')
#1 /Users/samhudson/Local Sites/fake-university/app/public/wp-includes/rest-api/class-wp-rest-server.php(946): universitySearchResults(Object(WP_REST_Request))
#2 /Users/samhudson/Local Sites/fake-university/app/public/wp-includes/rest-api/class-wp-rest-server.php(329): WP_REST_Server->dispatch(Object(WP_REST_Request))
#3 /Users/samhudson/Local Sites/fake-university/app/public/wp-includes/rest-api.php(309): WP_REST_Server->serve_request('/university/v1/...')
#4 /Users/samhudson/Local Sites/fake-university/app/public/wp-includes/class-wp-hook.php(286): rest_api_loaded(Object(WP))
#5 /Users/samhudson/Local in /Users/samhudson/Local Sites/fake-university/app/public/wp-content/themes/university-theme/inc/search-route.php on line 62
